

Started GET "/" for ::1 at 2014-11-06 15:50:55 +0000
Processing by StaticPagesController#home as HTML
  Rendered static_pages/home.html.erb within layouts/application (72.3ms)
  Rendered layouts/_header.html.erb (1.4ms)
  Rendered layouts/_footer.html.erb (0.8ms)
Completed 200 OK in 790ms (Views: 738.7ms | ActiveRecord: 0.0ms)


Started GET "/assets/jquery-dfb1e594c3e61a04cc388702c3feec1f.js?body=1" for ::1 at 2014-11-06 15:50:56 +0000


Started GET "/assets/sessions-c15e1c77cb5b3534b610348cb9f3c56d.css?body=1" for ::1 at 2014-11-06 15:50:56 +0000


Started GET "/assets/static_pages-c15e1c77cb5b3534b610348cb9f3c56d.css?body=1" for ::1 at 2014-11-06 15:50:56 +0000


Started GET "/assets/application-384a2ba79e771bffad70e670ac9d20dc.css?body=1" for ::1 at 2014-11-06 15:50:57 +0000


Started GET "/assets/jquery_ujs-ae280aaa31faeb1eb0139b5cd60e3356.js?body=1" for ::1 at 2014-11-06 15:50:57 +0000


Started GET "/assets/custom-a6f95d33b8b8d5bae64952570c398cb6.css?body=1" for ::1 at 2014-11-06 15:50:57 +0000


Started GET "/assets/turbolinks-6b0d91958b018bbac9d3c6e2044dbe49.js?body=1" for ::1 at 2014-11-06 15:50:57 +0000


Started GET "/assets/sessions-5cf9e471f6dbffd4600ae141132a5888.js?body=1" for ::1 at 2014-11-06 15:50:57 +0000


Started GET "/assets/static_pages-5cf9e471f6dbffd4600ae141132a5888.js?body=1" for ::1 at 2014-11-06 15:50:57 +0000


Started GET "/assets/application-b8b8c6546855f8a13b2b49066182795e.js?body=1" for ::1 at 2014-11-06 15:50:57 +0000


Started GET "/assets/rails-d3db80ccee7da3b406baf21d91a0fddf.png" for ::1 at 2014-11-06 15:50:57 +0000


Started GET "/signup" for ::1 at 2014-11-06 15:51:01 +0000
Processing by UsersController#new as HTML
Completed 500 Internal Server Error in 78ms

ActiveRecord::StatementInvalid (Could not find table 'users'):
  app/controllers/users_controller.rb:8:in `new'


  Rendered /Users/jacobmitchinson/.rvm/gems/ruby-2.1.2/gems/web-console-2.0.0.beta3/lib/action_dispatch/templates/rescues/_source.erb (9.7ms)
  Rendered /Users/jacobmitchinson/.rvm/gems/ruby-2.1.2/gems/web-console-2.0.0.beta3/lib/action_dispatch/templates/rescues/_trace.html.erb (3.8ms)
  Rendered /Users/jacobmitchinson/.rvm/gems/ruby-2.1.2/gems/web-console-2.0.0.beta3/lib/action_dispatch/templates/rescues/_request_and_response.html.erb (1.3ms)
  Rendered /Users/jacobmitchinson/.rvm/gems/ruby-2.1.2/gems/web-console-2.0.0.beta3/lib/action_dispatch/templates/rescues/_web_console.html.erb (1.2ms)
  Rendered /Users/jacobmitchinson/.rvm/gems/ruby-2.1.2/gems/web-console-2.0.0.beta3/lib/action_dispatch/templates/rescues/diagnostics.html.erb within rescues/layout (60.6ms)


Started GET "/signup" for ::1 at 2014-11-06 15:51:01 +0000
Processing by UsersController#new as HTML
Completed 500 Internal Server Error in 2ms

ActiveRecord::StatementInvalid (Could not find table 'users'):
  app/controllers/users_controller.rb:8:in `new'


  Rendered /Users/jacobmitchinson/.rvm/gems/ruby-2.1.2/gems/web-console-2.0.0.beta3/lib/action_dispatch/templates/rescues/_source.erb (10.4ms)
  Rendered /Users/jacobmitchinson/.rvm/gems/ruby-2.1.2/gems/web-console-2.0.0.beta3/lib/action_dispatch/templates/rescues/_trace.html.erb (4.2ms)
  Rendered /Users/jacobmitchinson/.rvm/gems/ruby-2.1.2/gems/web-console-2.0.0.beta3/lib/action_dispatch/templates/rescues/_request_and_response.html.erb (1.5ms)
  Rendered /Users/jacobmitchinson/.rvm/gems/ruby-2.1.2/gems/web-console-2.0.0.beta3/lib/action_dispatch/templates/rescues/_web_console.html.erb (1.3ms)
  Rendered /Users/jacobmitchinson/.rvm/gems/ruby-2.1.2/gems/web-console-2.0.0.beta3/lib/action_dispatch/templates/rescues/diagnostics.html.erb within rescues/layout (45.6ms)


Started GET "/" for ::1 at 2014-11-06 15:51:09 +0000
Processing by StaticPagesController#home as HTML
  Rendered static_pages/home.html.erb within layouts/application (1.3ms)
  Rendered layouts/_header.html.erb (1.1ms)
  Rendered layouts/_footer.html.erb (1.2ms)
Completed 200 OK in 288ms (Views: 287.5ms | ActiveRecord: 0.0ms)


Started GET "/help" for ::1 at 2014-11-06 15:51:10 +0000
Processing by StaticPagesController#help as HTML
  Rendered static_pages/help.html.erb within layouts/application (0.6ms)
  Rendered layouts/_header.html.erb (0.5ms)
  Rendered layouts/_footer.html.erb (0.3ms)
Completed 200 OK in 198ms (Views: 197.8ms | ActiveRecord: 0.0ms)


Started GET "/signup" for ::1 at 2014-11-06 15:51:13 +0000
Processing by UsersController#new as HTML
Completed 500 Internal Server Error in 2ms

ActiveRecord::StatementInvalid (Could not find table 'users'):
  app/controllers/users_controller.rb:8:in `new'


  Rendered /Users/jacobmitchinson/.rvm/gems/ruby-2.1.2/gems/web-console-2.0.0.beta3/lib/action_dispatch/templates/rescues/_source.erb (10.8ms)
  Rendered /Users/jacobmitchinson/.rvm/gems/ruby-2.1.2/gems/web-console-2.0.0.beta3/lib/action_dispatch/templates/rescues/_trace.html.erb (4.2ms)
  Rendered /Users/jacobmitchinson/.rvm/gems/ruby-2.1.2/gems/web-console-2.0.0.beta3/lib/action_dispatch/templates/rescues/_request_and_response.html.erb (1.5ms)
  Rendered /Users/jacobmitchinson/.rvm/gems/ruby-2.1.2/gems/web-console-2.0.0.beta3/lib/action_dispatch/templates/rescues/_web_console.html.erb (1.3ms)
  Rendered /Users/jacobmitchinson/.rvm/gems/ruby-2.1.2/gems/web-console-2.0.0.beta3/lib/action_dispatch/templates/rescues/diagnostics.html.erb within rescues/layout (51.2ms)


Started GET "/signup" for ::1 at 2014-11-06 15:51:13 +0000
Processing by UsersController#new as HTML
Completed 500 Internal Server Error in 2ms

ActiveRecord::StatementInvalid (Could not find table 'users'):
  app/controllers/users_controller.rb:8:in `new'


  Rendered /Users/jacobmitchinson/.rvm/gems/ruby-2.1.2/gems/web-console-2.0.0.beta3/lib/action_dispatch/templates/rescues/_source.erb (9.5ms)
  Rendered /Users/jacobmitchinson/.rvm/gems/ruby-2.1.2/gems/web-console-2.0.0.beta3/lib/action_dispatch/templates/rescues/_trace.html.erb (4.7ms)
  Rendered /Users/jacobmitchinson/.rvm/gems/ruby-2.1.2/gems/web-console-2.0.0.beta3/lib/action_dispatch/templates/rescues/_request_and_response.html.erb (1.9ms)
  Rendered /Users/jacobmitchinson/.rvm/gems/ruby-2.1.2/gems/web-console-2.0.0.beta3/lib/action_dispatch/templates/rescues/_web_console.html.erb (1.4ms)
  Rendered /Users/jacobmitchinson/.rvm/gems/ruby-2.1.2/gems/web-console-2.0.0.beta3/lib/action_dispatch/templates/rescues/diagnostics.html.erb within rescues/layout (45.5ms)


Started GET "/users/new" for ::1 at 2014-11-06 15:51:36 +0000
Processing by UsersController#new as HTML
Completed 500 Internal Server Error in 2ms

ActiveRecord::StatementInvalid (Could not find table 'users'):
  app/controllers/users_controller.rb:8:in `new'


  Rendered /Users/jacobmitchinson/.rvm/gems/ruby-2.1.2/gems/web-console-2.0.0.beta3/lib/action_dispatch/templates/rescues/_source.erb (9.5ms)
  Rendered /Users/jacobmitchinson/.rvm/gems/ruby-2.1.2/gems/web-console-2.0.0.beta3/lib/action_dispatch/templates/rescues/_trace.html.erb (4.3ms)
  Rendered /Users/jacobmitchinson/.rvm/gems/ruby-2.1.2/gems/web-console-2.0.0.beta3/lib/action_dispatch/templates/rescues/_request_and_response.html.erb (1.3ms)
  Rendered /Users/jacobmitchinson/.rvm/gems/ruby-2.1.2/gems/web-console-2.0.0.beta3/lib/action_dispatch/templates/rescues/_web_console.html.erb (1.2ms)
  Rendered /Users/jacobmitchinson/.rvm/gems/ruby-2.1.2/gems/web-console-2.0.0.beta3/lib/action_dispatch/templates/rescues/diagnostics.html.erb within rescues/layout (44.6ms)


Started GET "/users" for ::1 at 2014-11-06 15:51:42 +0000

AbstractController::ActionNotFound (The action 'index' could not be found for UsersController):
  actionpack (4.2.0.beta2) lib/abstract_controller/base.rb:132:in `process'
  actionview (4.2.0.beta2) lib/action_view/rendering.rb:30:in `process'
  actionpack (4.2.0.beta2) lib/action_controller/metal.rb:195:in `dispatch'
  actionpack (4.2.0.beta2) lib/action_controller/metal/rack_delegation.rb:13:in `dispatch'
  actionpack (4.2.0.beta2) lib/action_controller/metal.rb:236:in `block in action'
  actionpack (4.2.0.beta2) lib/action_dispatch/routing/route_set.rb:72:in `call'
  actionpack (4.2.0.beta2) lib/action_dispatch/routing/route_set.rb:72:in `dispatch'
  actionpack (4.2.0.beta2) lib/action_dispatch/routing/route_set.rb:41:in `serve'
  actionpack (4.2.0.beta2) lib/action_dispatch/journey/router.rb:43:in `block in serve'
  actionpack (4.2.0.beta2) lib/action_dispatch/journey/router.rb:30:in `each'
  actionpack (4.2.0.beta2) lib/action_dispatch/journey/router.rb:30:in `serve'
  actionpack (4.2.0.beta2) lib/action_dispatch/routing/route_set.rb:750:in `call'
  rack (1.6.0.beta) lib/rack/etag.rb:23:in `call'
  rack (1.6.0.beta) lib/rack/conditionalget.rb:25:in `call'
  rack (1.6.0.beta) lib/rack/head.rb:13:in `call'
  actionpack (4.2.0.beta2) lib/action_dispatch/middleware/params_parser.rb:27:in `call'
  actionpack (4.2.0.beta2) lib/action_dispatch/middleware/flash.rb:257:in `call'
  rack (1.6.0.beta) lib/rack/session/abstract/id.rb:225:in `context'
  rack (1.6.0.beta) lib/rack/session/abstract/id.rb:220:in `call'
  actionpack (4.2.0.beta2) lib/action_dispatch/middleware/cookies.rb:558:in `call'
  activerecord (4.2.0.beta2) lib/active_record/query_cache.rb:36:in `call'
  activerecord (4.2.0.beta2) lib/active_record/connection_adapters/abstract/connection_pool.rb:645:in `call'
  activerecord (4.2.0.beta2) lib/active_record/migration.rb:378:in `call'
  actionpack (4.2.0.beta2) lib/action_dispatch/middleware/callbacks.rb:29:in `block in call'
  activesupport (4.2.0.beta2) lib/active_support/callbacks.rb:83:in `run_callbacks'
  actionpack (4.2.0.beta2) lib/action_dispatch/middleware/callbacks.rb:27:in `call'
  actionpack (4.2.0.beta2) lib/action_dispatch/middleware/reloader.rb:73:in `call'
  actionpack (4.2.0.beta2) lib/action_dispatch/middleware/remote_ip.rb:78:in `call'
  web-console (2.0.0.beta3) lib/action_dispatch/debug_exceptions.rb:18:in `middleware_call'
  web-console (2.0.0.beta3) lib/action_dispatch/debug_exceptions.rb:13:in `call'
  actionpack (4.2.0.beta2) lib/action_dispatch/middleware/show_exceptions.rb:30:in `call'
  railties (4.2.0.beta2) lib/rails/rack/logger.rb:38:in `call_app'
  railties (4.2.0.beta2) lib/rails/rack/logger.rb:20:in `block in call'
  activesupport (4.2.0.beta2) lib/active_support/tagged_logging.rb:68:in `block in tagged'
  activesupport (4.2.0.beta2) lib/active_support/tagged_logging.rb:26:in `tagged'
  activesupport (4.2.0.beta2) lib/active_support/tagged_logging.rb:68:in `tagged'
  railties (4.2.0.beta2) lib/rails/rack/logger.rb:20:in `call'
  actionpack (4.2.0.beta2) lib/action_dispatch/middleware/request_id.rb:21:in `call'
  rack (1.6.0.beta) lib/rack/methodoverride.rb:22:in `call'
  rack (1.6.0.beta) lib/rack/runtime.rb:17:in `call'
  activesupport (4.2.0.beta2) lib/active_support/cache/strategy/local_cache_middleware.rb:28:in `call'
  rack (1.6.0.beta) lib/rack/lock.rb:17:in `call'
  actionpack (4.2.0.beta2) lib/action_dispatch/middleware/static.rb:103:in `call'
  rack (1.6.0.beta) lib/rack/sendfile.rb:113:in `call'
  railties (4.2.0.beta2) lib/rails/engine.rb:514:in `call'
  railties (4.2.0.beta2) lib/rails/application.rb:161:in `call'
  rack (1.6.0.beta) lib/rack/tempfile_reaper.rb:15:in `call'
  rack (1.6.0.beta) lib/rack/lint.rb:49:in `_call'
  rack (1.6.0.beta) lib/rack/lint.rb:37:in `call'
  rack (1.6.0.beta) lib/rack/showexceptions.rb:24:in `call'
  rack (1.6.0.beta) lib/rack/commonlogger.rb:33:in `call'
  rack (1.6.0.beta) lib/rack/chunked.rb:54:in `call'
  rack (1.6.0.beta) lib/rack/content_length.rb:15:in `call'
  rack (1.6.0.beta) lib/rack/handler/webrick.rb:89:in `service'
  /Users/jacobmitchinson/.rvm/rubies/ruby-2.1.2/lib/ruby/2.1.0/webrick/httpserver.rb:138:in `service'
  /Users/jacobmitchinson/.rvm/rubies/ruby-2.1.2/lib/ruby/2.1.0/webrick/httpserver.rb:94:in `run'
  /Users/jacobmitchinson/.rvm/rubies/ruby-2.1.2/lib/ruby/2.1.0/webrick/server.rb:295:in `block in start_thread'


  Rendered /Users/jacobmitchinson/.rvm/gems/ruby-2.1.2/gems/web-console-2.0.0.beta3/lib/action_dispatch/templates/rescues/unknown_action.html.erb within rescues/layout (0.8ms)


Started GET "/users" for ::1 at 2014-11-06 15:52:48 +0000

AbstractController::ActionNotFound (The action 'index' could not be found for UsersController):
  actionpack (4.2.0.beta2) lib/abstract_controller/base.rb:132:in `process'
  actionview (4.2.0.beta2) lib/action_view/rendering.rb:30:in `process'
  actionpack (4.2.0.beta2) lib/action_controller/metal.rb:195:in `dispatch'
  actionpack (4.2.0.beta2) lib/action_controller/metal/rack_delegation.rb:13:in `dispatch'
  actionpack (4.2.0.beta2) lib/action_controller/metal.rb:236:in `block in action'
  actionpack (4.2.0.beta2) lib/action_dispatch/routing/route_set.rb:72:in `call'
  actionpack (4.2.0.beta2) lib/action_dispatch/routing/route_set.rb:72:in `dispatch'
  actionpack (4.2.0.beta2) lib/action_dispatch/routing/route_set.rb:41:in `serve'
  actionpack (4.2.0.beta2) lib/action_dispatch/journey/router.rb:43:in `block in serve'
  actionpack (4.2.0.beta2) lib/action_dispatch/journey/router.rb:30:in `each'
  actionpack (4.2.0.beta2) lib/action_dispatch/journey/router.rb:30:in `serve'
  actionpack (4.2.0.beta2) lib/action_dispatch/routing/route_set.rb:750:in `call'
  rack (1.6.0.beta) lib/rack/etag.rb:23:in `call'
  rack (1.6.0.beta) lib/rack/conditionalget.rb:25:in `call'
  rack (1.6.0.beta) lib/rack/head.rb:13:in `call'
  actionpack (4.2.0.beta2) lib/action_dispatch/middleware/params_parser.rb:27:in `call'
  actionpack (4.2.0.beta2) lib/action_dispatch/middleware/flash.rb:257:in `call'
  rack (1.6.0.beta) lib/rack/session/abstract/id.rb:225:in `context'
  rack (1.6.0.beta) lib/rack/session/abstract/id.rb:220:in `call'
  actionpack (4.2.0.beta2) lib/action_dispatch/middleware/cookies.rb:558:in `call'
  activerecord (4.2.0.beta2) lib/active_record/query_cache.rb:36:in `call'
  activerecord (4.2.0.beta2) lib/active_record/connection_adapters/abstract/connection_pool.rb:645:in `call'
  activerecord (4.2.0.beta2) lib/active_record/migration.rb:378:in `call'
  actionpack (4.2.0.beta2) lib/action_dispatch/middleware/callbacks.rb:29:in `block in call'
  activesupport (4.2.0.beta2) lib/active_support/callbacks.rb:83:in `run_callbacks'
  actionpack (4.2.0.beta2) lib/action_dispatch/middleware/callbacks.rb:27:in `call'
  actionpack (4.2.0.beta2) lib/action_dispatch/middleware/reloader.rb:73:in `call'
  actionpack (4.2.0.beta2) lib/action_dispatch/middleware/remote_ip.rb:78:in `call'
  web-console (2.0.0.beta3) lib/action_dispatch/debug_exceptions.rb:18:in `middleware_call'
  web-console (2.0.0.beta3) lib/action_dispatch/debug_exceptions.rb:13:in `call'
  actionpack (4.2.0.beta2) lib/action_dispatch/middleware/show_exceptions.rb:30:in `call'
  railties (4.2.0.beta2) lib/rails/rack/logger.rb:38:in `call_app'
  railties (4.2.0.beta2) lib/rails/rack/logger.rb:20:in `block in call'
  activesupport (4.2.0.beta2) lib/active_support/tagged_logging.rb:68:in `block in tagged'
  activesupport (4.2.0.beta2) lib/active_support/tagged_logging.rb:26:in `tagged'
  activesupport (4.2.0.beta2) lib/active_support/tagged_logging.rb:68:in `tagged'
  railties (4.2.0.beta2) lib/rails/rack/logger.rb:20:in `call'
  actionpack (4.2.0.beta2) lib/action_dispatch/middleware/request_id.rb:21:in `call'
  rack (1.6.0.beta) lib/rack/methodoverride.rb:22:in `call'
  rack (1.6.0.beta) lib/rack/runtime.rb:17:in `call'
  activesupport (4.2.0.beta2) lib/active_support/cache/strategy/local_cache_middleware.rb:28:in `call'
  rack (1.6.0.beta) lib/rack/lock.rb:17:in `call'
  actionpack (4.2.0.beta2) lib/action_dispatch/middleware/static.rb:103:in `call'
  rack (1.6.0.beta) lib/rack/sendfile.rb:113:in `call'
  railties (4.2.0.beta2) lib/rails/engine.rb:514:in `call'
  railties (4.2.0.beta2) lib/rails/application.rb:161:in `call'
  rack (1.6.0.beta) lib/rack/tempfile_reaper.rb:15:in `call'
  rack (1.6.0.beta) lib/rack/lint.rb:49:in `_call'
  rack (1.6.0.beta) lib/rack/lint.rb:37:in `call'
  rack (1.6.0.beta) lib/rack/showexceptions.rb:24:in `call'
  rack (1.6.0.beta) lib/rack/commonlogger.rb:33:in `call'
  rack (1.6.0.beta) lib/rack/chunked.rb:54:in `call'
  rack (1.6.0.beta) lib/rack/content_length.rb:15:in `call'
  rack (1.6.0.beta) lib/rack/handler/webrick.rb:89:in `service'
  /Users/jacobmitchinson/.rvm/rubies/ruby-2.1.2/lib/ruby/2.1.0/webrick/httpserver.rb:138:in `service'
  /Users/jacobmitchinson/.rvm/rubies/ruby-2.1.2/lib/ruby/2.1.0/webrick/httpserver.rb:94:in `run'
  /Users/jacobmitchinson/.rvm/rubies/ruby-2.1.2/lib/ruby/2.1.0/webrick/server.rb:295:in `block in start_thread'


  Rendered /Users/jacobmitchinson/.rvm/gems/ruby-2.1.2/gems/web-console-2.0.0.beta3/lib/action_dispatch/templates/rescues/unknown_action.html.erb within rescues/layout (0.6ms)


Started GET "/" for ::1 at 2014-11-06 15:55:20 +0000
Processing by StaticPagesController#home as HTML
  Rendered static_pages/home.html.erb within layouts/application (4.6ms)
  Rendered layouts/_header.html.erb (0.4ms)
  Rendered layouts/_footer.html.erb (0.2ms)
Completed 200 OK in 185ms (Views: 183.9ms | ActiveRecord: 0.0ms)


Started GET "/assets/custom-a6f95d33b8b8d5bae64952570c398cb6.css?body=1" for ::1 at 2014-11-06 15:55:20 +0000


Started GET "/assets/sessions-c15e1c77cb5b3534b610348cb9f3c56d.css?body=1" for ::1 at 2014-11-06 15:55:20 +0000


Started GET "/assets/static_pages-c15e1c77cb5b3534b610348cb9f3c56d.css?body=1" for ::1 at 2014-11-06 15:55:20 +0000


Started GET "/assets/jquery-dfb1e594c3e61a04cc388702c3feec1f.js?body=1" for ::1 at 2014-11-06 15:55:20 +0000


Started GET "/assets/jquery_ujs-ae280aaa31faeb1eb0139b5cd60e3356.js?body=1" for ::1 at 2014-11-06 15:55:20 +0000


Started GET "/assets/turbolinks-6b0d91958b018bbac9d3c6e2044dbe49.js?body=1" for ::1 at 2014-11-06 15:55:20 +0000


Started GET "/assets/rails-d3db80ccee7da3b406baf21d91a0fddf.png" for ::1 at 2014-11-06 15:55:20 +0000


Started GET "/assets/application-384a2ba79e771bffad70e670ac9d20dc.css?body=1" for ::1 at 2014-11-06 15:55:20 +0000


Started GET "/users/new" for ::1 at 2014-11-06 15:56:32 +0000
  [1m[36mActiveRecord::SchemaMigration Load (0.2ms)[0m  [1mSELECT "schema_migrations".* FROM "schema_migrations"[0m
Processing by UsersController#new as HTML
  Rendered shared/_error_messages.html.erb (21.0ms)
  Rendered users/new.html.erb within layouts/application (139.3ms)
  Rendered layouts/_header.html.erb (0.5ms)
  Rendered layouts/_footer.html.erb (0.3ms)
Completed 200 OK in 339ms (Views: 319.6ms | ActiveRecord: 0.4ms)


Started GET "/assets/custom-a6f95d33b8b8d5bae64952570c398cb6.css?body=1" for ::1 at 2014-11-06 15:56:33 +0000


Started GET "/assets/application-384a2ba79e771bffad70e670ac9d20dc.css?body=1" for ::1 at 2014-11-06 15:56:33 +0000


Started GET "/assets/static_pages-c15e1c77cb5b3534b610348cb9f3c56d.css?body=1" for ::1 at 2014-11-06 15:56:33 +0000


Started GET "/assets/jquery-dfb1e594c3e61a04cc388702c3feec1f.js?body=1" for ::1 at 2014-11-06 15:56:33 +0000


Started GET "/assets/jquery_ujs-ae280aaa31faeb1eb0139b5cd60e3356.js?body=1" for ::1 at 2014-11-06 15:56:33 +0000


Started GET "/assets/sessions-c15e1c77cb5b3534b610348cb9f3c56d.css?body=1" for ::1 at 2014-11-06 15:56:33 +0000


Started GET "/assets/turbolinks-6b0d91958b018bbac9d3c6e2044dbe49.js?body=1" for ::1 at 2014-11-06 15:56:33 +0000


Started GET "/" for ::1 at 2014-11-06 15:56:35 +0000
Processing by StaticPagesController#home as HTML
  Rendered static_pages/home.html.erb within layouts/application (0.6ms)
  Rendered layouts/_header.html.erb (0.4ms)
  Rendered layouts/_footer.html.erb (0.2ms)
Completed 200 OK in 180ms (Views: 179.2ms | ActiveRecord: 0.0ms)


Started GET "/assets/rails-d3db80ccee7da3b406baf21d91a0fddf.png" for ::1 at 2014-11-06 15:56:36 +0000


Started GET "/signup" for ::1 at 2014-11-06 15:56:38 +0000
Processing by UsersController#new as HTML
  Rendered shared/_error_messages.html.erb (1.0ms)
  Rendered users/new.html.erb within layouts/application (13.1ms)
  Rendered layouts/_header.html.erb (0.4ms)
  Rendered layouts/_footer.html.erb (0.2ms)
Completed 200 OK in 207ms (Views: 205.8ms | ActiveRecord: 0.0ms)


Started GET "/" for ::1 at 2014-11-06 15:56:42 +0000
Processing by StaticPagesController#home as HTML
  Rendered static_pages/home.html.erb within layouts/application (0.7ms)
  Rendered layouts/_header.html.erb (0.5ms)
  Rendered layouts/_footer.html.erb (0.3ms)
Completed 200 OK in 175ms (Views: 174.4ms | ActiveRecord: 0.0ms)


Started GET "/" for ::1 at 2014-11-06 15:56:43 +0000
Processing by StaticPagesController#home as HTML
  Rendered static_pages/home.html.erb within layouts/application (0.7ms)
  Rendered layouts/_header.html.erb (0.5ms)
  Rendered layouts/_footer.html.erb (0.2ms)
Completed 200 OK in 178ms (Views: 177.8ms | ActiveRecord: 0.0ms)


Started GET "/" for ::1 at 2014-11-06 16:00:56 +0000
  [1m[36mActiveRecord::SchemaMigration Load (0.3ms)[0m  [1mSELECT "schema_migrations".* FROM "schema_migrations"[0m
Processing by StaticPagesController#home as HTML
  Rendered static_pages/home.html.erb within layouts/application (30.9ms)
  Rendered layouts/_header.html.erb (1.3ms)
  Rendered layouts/_footer.html.erb (1.0ms)
Completed 200 OK in 426ms (Views: 385.9ms | ActiveRecord: 0.0ms)


Started GET "/assets/custom-a6f95d33b8b8d5bae64952570c398cb6.css?body=1" for ::1 at 2014-11-06 16:00:58 +0000


Started GET "/assets/jquery-dfb1e594c3e61a04cc388702c3feec1f.js?body=1" for ::1 at 2014-11-06 16:00:58 +0000


Started GET "/assets/sessions-c15e1c77cb5b3534b610348cb9f3c56d.css?body=1" for ::1 at 2014-11-06 16:00:58 +0000


Started GET "/assets/static_pages-c15e1c77cb5b3534b610348cb9f3c56d.css?body=1" for ::1 at 2014-11-06 16:00:58 +0000


Started GET "/assets/jquery_ujs-ae280aaa31faeb1eb0139b5cd60e3356.js?body=1" for ::1 at 2014-11-06 16:00:58 +0000


Started GET "/assets/application-384a2ba79e771bffad70e670ac9d20dc.css?body=1" for ::1 at 2014-11-06 16:00:58 +0000


Started GET "/assets/turbolinks-6b0d91958b018bbac9d3c6e2044dbe49.js?body=1" for ::1 at 2014-11-06 16:00:58 +0000


Started GET "/assets/rails-d3db80ccee7da3b406baf21d91a0fddf.png" for ::1 at 2014-11-06 16:00:58 +0000


Started GET "/" for ::1 at 2014-11-06 22:28:19 +0000
  [1m[36mActiveRecord::SchemaMigration Load (0.5ms)[0m  [1mSELECT "schema_migrations".* FROM "schema_migrations"[0m
Processing by StaticPagesController#home as HTML
  Rendered static_pages/home.html.erb within layouts/application (103.1ms)
  Rendered layouts/_header.html.erb (1.3ms)
  Rendered layouts/_footer.html.erb (0.8ms)
Completed 200 OK in 870ms (Views: 814.7ms | ActiveRecord: 0.0ms)


Started GET "/assets/custom-a6f95d33b8b8d5bae64952570c398cb6.css?body=1" for ::1 at 2014-11-06 22:28:21 +0000


Started GET "/assets/sessions-c15e1c77cb5b3534b610348cb9f3c56d.css?body=1" for ::1 at 2014-11-06 22:28:21 +0000


Started GET "/assets/application-384a2ba79e771bffad70e670ac9d20dc.css?body=1" for ::1 at 2014-11-06 22:28:21 +0000


Started GET "/assets/static_pages-c15e1c77cb5b3534b610348cb9f3c56d.css?body=1" for ::1 at 2014-11-06 22:28:21 +0000


Started GET "/assets/jquery-dfb1e594c3e61a04cc388702c3feec1f.js?body=1" for ::1 at 2014-11-06 22:28:21 +0000


Started GET "/assets/jquery_ujs-ae280aaa31faeb1eb0139b5cd60e3356.js?body=1" for ::1 at 2014-11-06 22:28:21 +0000


Started GET "/assets/rails-d3db80ccee7da3b406baf21d91a0fddf.png" for ::1 at 2014-11-06 22:28:21 +0000


Started GET "/assets/turbolinks-6b0d91958b018bbac9d3c6e2044dbe49.js?body=1" for ::1 at 2014-11-06 22:28:21 +0000


Started GET "/" for ::1 at 2014-11-07 11:12:47 +0000
  [1m[36mActiveRecord::SchemaMigration Load (0.4ms)[0m  [1mSELECT "schema_migrations".* FROM "schema_migrations"[0m
Processing by StaticPagesController#home as HTML
  Rendered static_pages/home.html.erb within layouts/application (29.9ms)
  Rendered layouts/_header.html.erb (25.3ms)
Completed 500 Internal Server Error in 1299ms

NoMethodError (undefined method `logged_in?' for #<#<Class:0x007fe172619d28>:0x007fe172caa020>):
  app/views/layouts/_header.html.erb:8:in `_app_views_layouts__header_html_erb___314154245349147146_70303178574760'
  app/views/layouts/application.html.erb:11:in `_app_views_layouts_application_html_erb___2003060941558402004_70303134539440'


  Rendered /Users/jacobmitchinson/.rvm/gems/ruby-2.1.2/gems/web-console-2.0.0.beta3/lib/action_dispatch/templates/rescues/_source.erb (15.3ms)
  Rendered /Users/jacobmitchinson/.rvm/gems/ruby-2.1.2/gems/web-console-2.0.0.beta3/lib/action_dispatch/templates/rescues/_trace.html.erb (5.6ms)
  Rendered /Users/jacobmitchinson/.rvm/gems/ruby-2.1.2/gems/web-console-2.0.0.beta3/lib/action_dispatch/templates/rescues/_request_and_response.html.erb (1.4ms)
  Rendered /Users/jacobmitchinson/.rvm/gems/ruby-2.1.2/gems/web-console-2.0.0.beta3/lib/action_dispatch/templates/rescues/_web_console.html.erb (1.3ms)
  Rendered /Users/jacobmitchinson/.rvm/gems/ruby-2.1.2/gems/web-console-2.0.0.beta3/lib/action_dispatch/templates/rescues/diagnostics.html.erb within rescues/layout (90.1ms)
